#
# A fatal error has been detected by the Java Runtime Environment:
#
#  EXCEPTION_ACCESS_VIOLATION (0xc0000005) at pc=0x6d8c916e, pid=3592, tid=12620
#
# JRE version: 6.0_33-b03
# Java VM: Java HotSpot(TM) Client VM (20.8-b03 mixed mode windows-x86 )
# Problematic frame:
# V  [jvm.dll+0xd916e]
#
# If you would like to submit a bug report, please visit:
#   http://java.sun.com/webapps/bugreport/crash.jsp
#

---------------  T H R E A D  ---------------

Current thread (0x02095800):  JavaThread "JDWP Transport Listener: dt_socket" daemon [_thread_in_vm, id=12620, stack(0x48a30000,0x48a80000)]

siginfo: ExceptionCode=0xc0000005, reading address 0x00000000

Registers:
EAX=0x480d49d8, EBX=0x02095800, ECX=0x00000000, EDX=0x00000000
ESP=0x48a7f7b4, EBP=0x48a7f7f0, ESI=0x4a5ccd50, EDI=0x48a7f9c8
EIP=0x6d8c916e, EFLAGS=0x00010246

Top of Stack: (sp=0x48a7f7b4)
0x48a7f7b4:   00000000 02095800 0211c6e8 00000421
0x48a7f7c4:   4a5ccd50 4a5d08f8 4a5ccd5c 020950b0
0x48a7f7d4:   4ad70800 4ad76708 4ad787f4 48a7f9c8
0x48a7f7e4:   00000421 4a5ccd5c 00000785 48a7f878
0x48a7f7f4:   6d8c977b 00000000 4a5ccd50 4a5ccd60
0x48a7f804:   02095800 000052db 48a7f9c8 4ad80808
0x48a7f814:   4ad85ae3 4ad80808 6da1a2b4 4d4e3800
0x48a7f824:   02112940 00002c74 48a7f86c 77808bc8 

Instructions: (pc=0x6d8c916e)
0x6d8c914e:   ce a9 f8 ff 83 c4 0c 50 53 8d 4d 08 e8 81 9f f2
0x6d8c915e:   ff 8b 4d f8 8b 01 8b 48 24 85 c9 75 0d 8b 55 08
0x6d8c916e:   8b 0a 8b 50 1c 89 51 24 eb 08 8b 45 08 8b 10 89
0x6d8c917e:   4a 24 8b b3 a4 00 00 00 8b 46 04 8b 4e 08 8b 56 


Register to memory mapping:

EAX=0x480d49d8 is an oop

[error occurred during error reporting (printing register info), id 0xe0000000]

Stack: [0x48a30000,0x48a80000],  sp=0x48a7f7b4,  free space=317k
Native frames: (J=compiled Java code, j=interpreted, Vv=VM code, C=native code)
V  [jvm.dll+0xd916e]
V  [jvm.dll+0xd977b]
V  [jvm.dll+0xd9c55]
V  [jvm.dll+0xc29f4]
V  [jvm.dll+0x193cf0]
C  [jdwp.dll+0x7d56]
C  [jdwp.dll+0xba32]  Agent_OnLoad+0x9a7
C  [jdwp.dll+0x17d55]  Agent_OnLoad+0xccca
V  [jvm.dll+0x14108c]
C  [msvcr71.dll+0x9565]  endthreadex+0xa0
C  [kernel32.dll+0x1339a]  BaseThreadInitThunk+0x12
C  [ntdll.dll+0x39ef2]  RtlInitializeExceptionChain+0x63
C  [ntdll.dll+0x39ec5]  RtlInitializeExceptionChain+0x36


---------------  P R O C E S S  ---------------

Java Threads: ( => current thread )
  0x4adf7400 JavaThread "9416791@qtp-9385518-14" [_thread_blocked, id=12508, stack(0x4c1e0000,0x4c230000)]
  0x4adf7800 JavaThread "pool-1-thread-13" daemon [_thread_blocked, id=10156, stack(0x4bc10000,0x4bc60000)]
  0x4a33c800 JavaThread "19913662@qtp-9385518-13" [_thread_blocked, id=11508, stack(0x49e70000,0x49ec0000)]
  0x4a33d400 JavaThread "18380247@qtp-9385518-12" [_thread_blocked, id=10768, stack(0x49b50000,0x49ba0000)]
  0x4a33a800 JavaThread "pool-1-thread-12" daemon [_thread_blocked, id=11628, stack(0x49650000,0x496a0000)]
  0x4a33bc00 JavaThread "Code server for fave100 from Mozilla/5.0 (Windows NT 6.1; WOW64; rv:15.0) Gecko/20100101 Firefox/15.0.1 on http://127.0.0.1:8888/Fave100.html?gwt.codesvr=127.0.0.1%3A9997&code=AQDTHAFdGARxzzhgZAGQNnUZWry2oCV3J6hKA9lyFYbg2HaWBaqBcRBbtOUJHVti_dUsdJCp6y7Q0W5AfZ4p3AARhNU-TpWm0TdKraTCUdZGk79-nooV-hoYlsMtZvBng4M860H-lyRinv-l5-XQp_Veobe9Wcrtj6MQ2jsx4T_MtioJJB8PC9J8x7VNoLtAPlD_xCeFke_3Kr9q_r6OF4EJ#register;provider=facebook%2526 @ 8CMhuJi7==W&`aqS" daemon [_thread_in_native, id=4972, stack(0x4bb80000,0x4bbd0000)]
  0x4adf6c00 JavaThread "Code server for fave100 from Mozilla/5.0 (Windows NT 6.1; WOW64; rv:15.0) Gecko/20100101 Firefox/15.0.1 on http://127.0.0.1:8888/Fave100.html?gwt.codesvr=127.0.0.1%3A9997&code=AQDTHAFdGARxzzhgZAGQNnUZWry2oCV3J6hKA9lyFYbg2HaWBaqBcRBbtOUJHVti_dUsdJCp6y7Q0W5AfZ4p3AARhNU-TpWm0TdKraTCUdZGk79-nooV-hoYlsMtZvBng4M860H-lyRinv-l5-XQp_Veobe9Wcrtj6MQ2jsx4T_MtioJJB8PC9J8x7VNoLtAPlD_xCeFke_3Kr9q_r6OF4EJ#register;provider=facebook& @ TH7s,"ESv/e}?^OT" daemon [_thread_in_native, id=6040, stack(0x4ca10000,0x4ca60000)]
  0x4adf6400 JavaThread "Code server for fave100 from Mozilla/5.0 (Windows NT 6.1; WOW64; rv:15.0) Gecko/20100101 Firefox/15.0.1 on http://127.0.0.1:8888/Fave100.html?gwt.codesvr=127.0.0.1:9997#myfave100 @ _!%hWTQ}^;h8DCQZ" daemon [_thread_in_native, id=12860, stack(0x4c980000,0x4c9d0000)]
  0x49101c00 JavaThread "20641554@qtp-9385518-10" [_thread_blocked, id=11452, stack(0x4c8f0000,0x4c940000)]
  0x4a33d000 JavaThread "Code server for fave100 from Mozilla/5.0 (Windows NT 6.1; WOW64; rv:15.0) Gecko/20100101 Firefox/15.0.1 on http://127.0.0.1:8888/Fave100.html?gwt.codesvr=127.0.0.1:9997&oauth_token=E6pooOT7roWjTMJlM8PAUXOTKpV5M9DosqXAzpDs&oauth_verifier=NCWBuejnuhe6YoDqOllEf1NTzFGU9wUgzLRuvKpgvrs#register;provider=twitter @ {eY"u'k(k6r#G3T." daemon [_thread_in_native, id=11112, stack(0x4c050000,0x4c0a0000)]
  0x49102400 JavaThread "Code server for fave100 from Mozilla/5.0 (Windows NT 6.1; WOW64; rv:15.0) Gecko/20100101 Firefox/15.0.1 on http://127.0.0.1:8888/Fave100.html?gwt.codesvr=127.0.0.1:9997&oauth_token=E6pooOT7roWjTMJlM8PAUXOTKpV5M9DosqXAzpDs&oauth_verifier=NCWBuejnuhe6YoDqOllEf1NTzFGU9wUgzLRuvKpgvrs#register;provider=twitter @ ^W%aEF?;:4l0cbTK" daemon [_thread_in_native, id=10620, stack(0x4c270000,0x4c2c0000)]
  0x49101800 JavaThread "Code server for fave100 from Mozilla/5.0 (Windows NT 6.1; WOW64; rv:15.0) Gecko/20100101 Firefox/15.0.1 on http://127.0.0.1:8888/Fave100.html?gwt.codesvr=127.0.0.1:9997#register @ 7tjJMl7':.7pV3Eu" daemon [_thread_in_native, id=12796, stack(0x495c0000,0x49610000)]
  0x49101000 JavaThread "AWT-Windows" daemon [_thread_in_native, id=12092, stack(0x4c120000,0x4c170000)]
  0x49100400 JavaThread "Java2D Disposer" daemon [_thread_blocked, id=3052, stack(0x4bdc0000,0x4be10000)]
  0x490ff000 JavaThread "Thread-80" daemon [_thread_blocked, id=12376, stack(0x4bd30000,0x4bd80000)]
  0x49100000 JavaThread "Thread-79" daemon [_thread_blocked, id=13264, stack(0x4bca0000,0x4bcf0000)]
  0x4a33c000 JavaThread "Code server for fave100 from Mozilla/5.0 (Windows NT 6.1; WOW64; rv:15.0) Gecko/20100101 Firefox/15.0.1 on http://127.0.0.1:8888/Fave100.html?gwt.codesvr=127.0.0.1%3A9997&code=AQC8itTDojxpaUBfp5j_z0pMAx6rCMXWG9GZ8v_NLRIXYhUX8L1XkHakFEqaQY06CSQPRG8fY59wiOMVHPEMzpfcXF0sXdzN03OiXz9PlJ207LgUnVa2Ho2RejrI2ppHLG2PoPif5AvPq4NTzS4GWnEWEcpxQGz50mrdLOkQ2v4LpoSfHR0hdCfF-zReAm8XVzBZ0DwtCr2Si7psFBIodOL_#register;provider=facebook& @ 535vY4hB]c7pX2,x" daemon [_thread_in_native, id=13136, stack(0x49be0000,0x49c30000)]
  0x4a33b400 JavaThread "com.google.inject.internal.util.$Finalizer" daemon [_thread_blocked, id=9800, stack(0x4baf0000,0x4bb40000)]
  0x4a33b000 JavaThread "Code server for fave100 from Mozilla/5.0 (Windows NT 6.1; WOW64; rv:15.0) Gecko/20100101 Firefox/15.0.1 on http://127.0.0.1:8888/Fave100.html?gwt.codesvr=127.0.0.1:9997#register @ JAE`,L%%y3`}w'.q" daemon [_thread_in_native, id=11060, stack(0x4a9d0000,0x4aa20000)]
  0x4a33a400 JavaThread "Timer-1" daemon [_thread_blocked, id=6448, stack(0x4a940000,0x4a990000)]
  0x4a339c00 JavaThread "com.google.inject.internal.util.$Finalizer" daemon [_thread_blocked, id=11380, stack(0x4a8b0000,0x4a900000)]
  0x4a3b4c00 JavaThread "Timer-0" daemon [_thread_blocked, id=11692, stack(0x4a820000,0x4a870000)]
  0x49fedc00 JavaThread "11510376@qtp-9385518-1 - Acceptor0 SelectChannelConnector@0.0.0.0:8888" [_thread_in_native, id=12336, stack(0x4a790000,0x4a7e0000)]
  0x49170400 JavaThread "com.google.gwt.thirdparty.guava.common.base.internal.Finalizer" daemon [_thread_blocked, id=7728, stack(0x49f00000,0x49f50000)]
  0x490aec00 JavaThread "Code server listener" daemon [_thread_in_native, id=11892, stack(0x49900000,0x49950000)]
  0x49067c00 JavaThread "UnitWriteThread" daemon [_thread_blocked, id=11632, stack(0x496e0000,0x49730000)]
  0x48f7f400 JavaThread "Thread-2" daemon [_thread_blocked, id=3656, stack(0x49530000,0x49580000)]
  0x48f64c00 JavaThread "Thread-1" [_thread_in_native, id=8000, stack(0x494a0000,0x494f0000)]
  0x48fb4400 JavaThread "Low Memory Detector" daemon [_thread_blocked, id=5732, stack(0x49380000,0x493d0000)]
  0x48fb3c00 JavaThread "C1 CompilerThread0" daemon [_thread_blocked, id=12772, stack(0x48c20000,0x48c70000)]
  0x0209b000 JavaThread "JDWP Command Reader" daemon [_thread_in_native, id=13204, stack(0x48b90000,0x48be0000)]
  0x0209a400 JavaThread "JDWP Event Helper Thread" daemon [_thread_blocked, id=11544, stack(0x48ac0000,0x48b10000)]
=>0x02095800 JavaThread "JDWP Transport Listener: dt_socket" daemon [_thread_in_vm, id=12620, stack(0x48a30000,0x48a80000)]
  0x02086c00 JavaThread "Attach Listener" daemon [_thread_blocked, id=2684, stack(0x48830000,0x48880000)]
  0x02085c00 JavaThread "Signal Dispatcher" daemon [_thread_blocked, id=8780, stack(0x487a0000,0x487f0000)]
  0x0205a400 JavaThread "Finalizer" daemon [_thread_blocked, id=10396, stack(0x48710000,0x48760000)]
  0x02055800 JavaThread "Reference Handler" daemon [_thread_blocked, id=5616, stack(0x48680000,0x486d0000)]
  0x02118400 JavaThread "main" [_thread_blocked, id=10664, stack(0x00390000,0x003e0000)]

Other Threads:
  0x02051000 VMThread [stack: 0x020a0000,0x020f0000] [id=12024]
  0x48fc6800 WatcherThread [stack: 0x49410000,0x49460000] [id=2872]

VM state:not at safepoint (normal execution)

VM Mutex/Monitor currently owned by a thread: None

Heap
 def new generation   total 200576K, used 2K [0x042f0000, 0x11c90000, 0x19840000)
  eden space 178304K,   0% used [0x042f0000, 0x042f0800, 0x0f110000)
  from space 22272K,   0% used [0x0f110000, 0x0f110000, 0x106d0000)
  to   space 22272K,   0% used [0x106d0000, 0x106d0000, 0x11c90000)
 tenured generation   total 445632K, used 244535K [0x19840000, 0x34b70000, 0x442f0000)
   the space 445632K,  54% used [0x19840000, 0x2870dfb0, 0x2870e000, 0x34b70000)
 compacting perm gen  total 65536K, used 65532K [0x442f0000, 0x482f0000, 0x482f0000)
   the space 65536K,  99% used [0x442f0000, 0x482ef1e8, 0x482ef200, 0x482f0000)
No shared spaces configured.

Code Cache  [0x022f0000, 0x030b0000, 0x042f0000)
 total_blobs=6377 nmethods=6172 adapters=144 free_code_cache=19148864 largest_free_block=384

Dynamic libraries:
0x00400000 - 0x00425000 	C:\Program Files (x86)\Java\jre6\bin\javaw.exe
0x777d0000 - 0x77950000 	C:\Windows\SysWOW64\ntdll.dll
0x76b80000 - 0x76c90000 	C:\Windows\syswow64\kernel32.dll
0x76250000 - 0x76296000 	C:\Windows\syswow64\KERNELBASE.dll
0x76ae0000 - 0x76b80000 	C:\Windows\syswow64\ADVAPI32.dll
0x76d00000 - 0x76dac000 	C:\Windows\syswow64\msvcrt.dll
0x760c0000 - 0x760d9000 	C:\Windows\SysWOW64\sechost.dll
0x75eb0000 - 0x75fa0000 	C:\Windows\syswow64\RPCRT4.dll
0x74eb0000 - 0x74f10000 	C:\Windows\syswow64\SspiCli.dll
0x74ea0000 - 0x74eac000 	C:\Windows\syswow64\CRYPTBASE.dll
0x760e0000 - 0x761e0000 	C:\Windows\syswow64\USER32.dll
0x76330000 - 0x763c0000 	C:\Windows\syswow64\GDI32.dll
0x777a0000 - 0x777aa000 	C:\Windows\syswow64\LPK.dll
0x74ff0000 - 0x7508d000 	C:\Windows\syswow64\USP10.dll
0x765a0000 - 0x76600000 	C:\Windows\system32\IMM32.DLL
0x74f20000 - 0x74fec000 	C:\Windows\syswow64\MSCTF.dll
0x7c340000 - 0x7c396000 	C:\Program Files (x86)\Java\jre6\bin\msvcr71.dll
0x6d7f0000 - 0x6da9f000 	C:\Program Files (x86)\Java\jre6\bin\client\jvm.dll
0x64720000 - 0x64752000 	C:\Windows\system32\WINMM.dll
0x748a0000 - 0x748ec000 	C:\Windows\system32\apphelp.dll
0x6d7a0000 - 0x6d7ac000 	C:\Program Files (x86)\Java\jre6\bin\verify.dll
0x6d320000 - 0x6d33f000 	C:\Program Files (x86)\Java\jre6\bin\java.dll
0x6d370000 - 0x6d399000 	C:\Program Files (x86)\Java\jre6\bin\jdwp.dll
0x6d690000 - 0x6d696000 	C:\Program Files (x86)\Java\jre6\bin\npt.dll
0x6d2c0000 - 0x6d2da000 	C:\Program Files (x86)\Java\jre6\bin\instrument.dll
0x6d7e0000 - 0x6d7ef000 	C:\Program Files (x86)\Java\jre6\bin\zip.dll
0x6d200000 - 0x6d207000 	C:\Program Files (x86)\Java\jre6\bin\dt_socket.dll
0x76c90000 - 0x76cc5000 	C:\Windows\syswow64\WS2_32.dll
0x76230000 - 0x76236000 	C:\Windows\syswow64\NSI.dll
0x74a80000 - 0x74a90000 	C:\Windows\system32\NLAapi.dll
0x74a70000 - 0x74a80000 	C:\Windows\system32\napinsp.dll
0x74a50000 - 0x74a62000 	C:\Windows\system32\pnrpnsp.dll
0x74a10000 - 0x74a4c000 	C:\Windows\System32\mswsock.dll
0x749c0000 - 0x74a04000 	C:\Windows\system32\DNSAPI.dll
0x749b0000 - 0x749b8000 	C:\Windows\System32\winrnr.dll
0x74db0000 - 0x74dcc000 	C:\Windows\system32\IPHLPAPI.DLL
0x74da0000 - 0x74da7000 	C:\Windows\system32\WINNSI.DLL
0x74970000 - 0x749a8000 	C:\Windows\System32\fwpuclnt.dll
0x74960000 - 0x74966000 	C:\Windows\system32\rasadhlp.dll
0x48980000 - 0x489c7000 	C:\Program Files (x86)\Avira\AntiVir Desktop\avsda.dll
0x746c0000 - 0x746c5000 	C:\Windows\System32\wshtcpip.dll
0x6d600000 - 0x6d613000 	C:\Program Files (x86)\Java\jre6\bin\net.dll
0x74950000 - 0x74956000 	C:\Windows\System32\wship6.dll
0x74b90000 - 0x74ba6000 	C:\Windows\system32\CRYPTSP.dll
0x74b50000 - 0x74b8b000 	C:\Windows\system32\rsaenh.dll
0x74760000 - 0x74777000 	C:\Windows\system32\USERENV.dll
0x747d0000 - 0x747db000 	C:\Windows\system32\profapi.dll
0x67600000 - 0x67609000 	C:\Program Files (x86)\Eclipse\plugins\com.google.gwt.eclipse.sdkbundle_2.4.0.v201206290132-rel-r37\gwt-2.4.0\gwt-ll.dll
0x75fa0000 - 0x760bb000 	C:\Windows\syswow64\wininet.dll
0x768c0000 - 0x76917000 	C:\Windows\syswow64\SHLWAPI.dll
0x76240000 - 0x76243000 	C:\Windows\syswow64\Normaliz.dll
0x76920000 - 0x76ad8000 	C:\Windows\syswow64\iertutil.dll
0x767a0000 - 0x768b1000 	C:\Windows\syswow64\urlmon.dll
0x76db0000 - 0x76f0c000 	C:\Windows\syswow64\ole32.dll
0x750e0000 - 0x7516f000 	C:\Windows\syswow64\OLEAUT32.dll
0x72540000 - 0x72548000 	C:\Windows\system32\Secur32.dll
0x75170000 - 0x75dba000 	C:\Windows\syswow64\SHELL32.dll
0x72310000 - 0x724ae000 	C:\Windows\WinSxS\x86_microsoft.windows.common-controls_6595b64144ccf1df_6.0.7601.17514_none_41e6975e2bd6f2b2\comctl32.dll
0x74be0000 - 0x74c32000 	C:\Windows\system32\RASAPI32.dll
0x74bc0000 - 0x74bd5000 	C:\Windows\system32\rasman.dll
0x72e50000 - 0x72e5d000 	C:\Windows\system32\rtutils.dll
0x64c60000 - 0x64c66000 	C:\Windows\system32\sensapi.dll
0x72070000 - 0x7207d000 	C:\Windows\system32\dhcpcsvc6.DLL
0x72b30000 - 0x72b42000 	C:\Windows\system32\dhcpcsvc.DLL
0x6d620000 - 0x6d629000 	C:\Program Files (x86)\Java\jre6\bin\nio.dll
0x6d780000 - 0x6d788000 	C:\Program Files (x86)\Java\jre6\bin\sunmscapi.dll
0x76680000 - 0x7679d000 	C:\Windows\syswow64\CRYPT32.dll
0x74f10000 - 0x74f1c000 	C:\Windows\syswow64\MSASN1.dll
0x6d000000 - 0x6d14c000 	C:\Program Files (x86)\Java\jre6\bin\awt.dll
0x724c0000 - 0x72511000 	C:\Windows\system32\WINSPOOL.DRV
0x741d0000 - 0x741e3000 	C:\Windows\system32\DWMAPI.DLL
0x741f0000 - 0x74270000 	C:\Windows\system32\uxtheme.dll
0x6d230000 - 0x6d27f000 	C:\Program Files (x86)\Java\jre6\bin\fontmanager.dll
0x5e320000 - 0x5e4e3000 	C:\Windows\system32\d3d9.dll
0x74c50000 - 0x74c59000 	C:\Windows\system32\VERSION.dll
0x631c0000 - 0x631c6000 	C:\Windows\system32\d3d8thk.dll
0x60c30000 - 0x60d14000 	C:\Windows\system32\aticfx32.dll
0x631b0000 - 0x631bb000 	C:\Windows\system32\atiu9pag.dll
0x5d8f0000 - 0x5dee2000 	C:\Windows\system32\atiumdag.dll
0x5bb90000 - 0x5c02d000 	C:\Windows\system32\atiumdva.dll
0x763f0000 - 0x763f5000 	C:\Windows\system32\PSAPI.DLL

VM Arguments:
jvm_args: -agentlib:jdwp=transport=dt_socket,suspend=y,address=localhost:62876 -Ddatastore.default_high_rep_job_policy_unapplied_job_pct=50 -Xmx1024m -javaagent:C:\Program Files (x86)\Eclipse\plugins\com.google.appengine.eclipse.sdkbundle_1.7.2\appengine-java-sdk-1.7.2\lib\agent\appengine-agent.jar -Dfile.encoding=Cp1252 
java_command: com.google.gwt.dev.DevMode -remoteUI 53418:2860275393738184 -startupUrl Fave100.html -logLevel INFO -codeServerPort 9997 -port 8888 -server com.google.appengine.tools.development.gwt.AppEngineLauncher -war C:\Users\yissachar.radcliffe\Dev\EclipseWorkspace\Fave100\war com.fave100.Fave100
Launcher Type: SUN_STANDARD

Environment Variables:
JAVA_HOME=C:\Program Files\Java\jdk1.6.0_33
PATH=C:/Program Files (x86)/Java/jre7/bin/client;C:/Program Files (x86)/Java/jre7/bin;C:/Program Files (x86)/Java/jre7/lib/i386;C:\Program Files (x86)\AMD APP\bin\x86_64;C:\Program Files (x86)\AMD APP\bin\x86;C:\Windows\system32;C:\Windows;C:\Windows\System32\Wbem;C:\Windows\System32\WindowsPowerShell\v1.0\;C:\Program Files (x86)\ATI Technologies\ATI.ACE\Core-Static;C:\Program Files\TortoiseGit\bin;C:\Python27;C:\Program Files\RubyGems\rubygems-1.8.24\bin;C:\Program Files (x86)\Heroku\bin;C:\Ruby193\bin;C:\Program Files (x86)\git\bin;C:\Program Files (x86)\git\cmd;C:\Program Files\PostgreSQL\9.1\bin;C:\Python27\Lib\site-packages\django\bin;C:\Program Files (x86)\Java\jre6\bin;C:\Program Files (x86)\Java\jdk1.6.0_33\bin;C:\Program Files (x86)\apache-maven-3.0.4\bin;C:\Users\yissachar.radcliffe\Dev\SDK's\Flex 4.6\bin;C:\Program Files\TortoiseSVN\bin;C:\Program Files (x86)\ruby-1.9.3\bin;C:\Program Files (x86)\Google\google_appengine\;C:\Program Files\Ruby Dev Kit\bin;C:\Program Files (x86)\eclipse;
USERNAME=yissachar.radcliffe
OS=Windows_NT
PROCESSOR_IDENTIFIER=Intel64 Family 6 Model 42 Stepping 7, GenuineIntel



---------------  S Y S T E M  ---------------

OS: Windows 7 , 64 bit Build 7601 Service Pack 1

CPU:total 8 (4 cores per cpu, 2 threads per core) family 6 model 42 stepping 7, cmov, cx8, fxsr, mmx, sse, sse2, sse3, ssse3, sse4.1, sse4.2, popcnt, ht

Memory: 4k page, physical 8344472k(2562536k free), swap 16687092k(10162560k free)

vm_info: Java HotSpot(TM) Client VM (20.8-b03) for windows-x86 JRE (1.6.0_33-b03), built on May  9 2012 09:39:57 by "java_re" with MS VC++ 7.1 (VS2003)

time: Mon Sep 24 13:24:05 2012
elapsed time: 2263 seconds

